[debug] [2024-01-16T03:42:33.911Z] ----------------------------------------------------------------------
[debug] [2024-01-16T03:42:33.916Z] Command:       C:\Users\migue\.nvm\versions\node\v18.14.2\bin\node.exe C:\Users\migue\.nvm\versions\node\v18.14.2\bin\node_modules\firebase-tools\lib\bin\firebase.js init
[debug] [2024-01-16T03:42:33.917Z] CLI Version:   13.0.3
[debug] [2024-01-16T03:42:33.918Z] Platform:      win32
[debug] [2024-01-16T03:42:33.919Z] Node Version:  v18.14.2
[debug] [2024-01-16T03:42:33.921Z] Time:          Mon Jan 15 2024 22:42:33 GMT-0500 (Colombia Standard Time)
[debug] [2024-01-16T03:42:33.921Z] ----------------------------------------------------------------------
[debug] 
[debug] [2024-01-16T03:42:34.077Z] > command requires scopes: ["email","openid","https://www.googleapis.com/auth/cloudplatformprojects.readonly","https://www.googleapis.com/auth/firebase","https://www.googleapis.com/auth/cloud-platform"]
[debug] [2024-01-16T03:42:34.078Z] > authorizing via signed-in user (miguelcoytriana@gmail.com)
[info] 
     ######## #### ########  ######## ########     ###     ######  ########
     ##        ##  ##     ## ##       ##     ##  ##   ##  ##       ##
     ######    ##  ########  ######   ########  #########  ######  ######
     ##        ##  ##    ##  ##       ##     ## ##     ##       ## ##
     ##       #### ##     ## ######## ########  ##     ##  ######  ########

You're about to initialize a Firebase project in this directory:

  C:\Users\migue\Documents\Projects\Angular\todo-list

Before we get started, keep in mind:

  * You are initializing within an existing Firebase project directory

[info] 
=== Project Setup
[info] 
[info] First, let's associate this project directory with a Firebase project.
[info] You can create multiple project aliases by running firebase use --add, 
[info] but for now we'll just set up a default project.
[info] 
[debug] [2024-01-16T03:42:41.412Z] > refreshing access token with scopes: []
[debug] [2024-01-16T03:42:41.416Z] >>> [apiv2][query] POST https://www.googleapis.com/oauth2/v3/token [none]
[debug] [2024-01-16T03:42:41.416Z] >>> [apiv2][body] POST https://www.googleapis.com/oauth2/v3/token [omitted]
[debug] [2024-01-16T03:42:41.675Z] <<< [apiv2][status] POST https://www.googleapis.com/oauth2/v3/token 400
[debug] [2024-01-16T03:42:41.675Z] <<< [apiv2][body] POST https://www.googleapis.com/oauth2/v3/token [omitted]
[debug] [2024-01-16T03:42:41.676Z] >>> [apiv2][query] GET https://firebase.googleapis.com/v1beta1/projects pageSize=100
[debug] [2024-01-16T03:42:41.834Z] <<< [apiv2][status] GET https://firebase.googleapis.com/v1beta1/projects 401
[debug] [2024-01-16T03:42:41.835Z] <<< [apiv2][body] GET https://firebase.googleapis.com/v1beta1/projects [omitted]
[debug] [2024-01-16T03:42:41.836Z] HTTP Error: 401, Request had invalid authentication credentials. Expected OAuth 2 access token, login cookie or other valid authentication credential. See https://developers.google.com/identity/sign-in/web/devconsole-project.
[debug] [2024-01-16T03:42:41.969Z] FirebaseError: HTTP Error: 401, Request had invalid authentication credentials. Expected OAuth 2 access token, login cookie or other valid authentication credential. See https://developers.google.com/identity/sign-in/web/devconsole-project.
    at responseToError (C:\Users\migue\.nvm\versions\node\v18.14.2\bin\node_modules\firebase-tools\lib\responseToError.js:49:12)
    at RetryOperation._fn (C:\Users\migue\.nvm\versions\node\v18.14.2\bin\node_modules\firebase-tools\lib\apiv2.js:292:77)
    at process.processTicksAndRejections (node:internal/process/task_queues:95:5)
[error] 
[error] Error: Failed to list Firebase projects. See firebase-debug.log for more info.
[debug] [2024-01-22T02:31:02.041Z] ----------------------------------------------------------------------
[debug] [2024-01-22T02:31:02.044Z] Command:       C:\Users\migue\.nvm\versions\node\v18.14.2\bin\node.exe C:\Users\migue\.nvm\versions\node\v18.14.2\bin\node_modules\firebase-tools\lib\bin\firebase.js init
[debug] [2024-01-22T02:31:02.044Z] CLI Version:   13.0.3
[debug] [2024-01-22T02:31:02.044Z] Platform:      win32
[debug] [2024-01-22T02:31:02.044Z] Node Version:  v18.14.2
[debug] [2024-01-22T02:31:02.051Z] Time:          Sun Jan 21 2024 21:31:02 GMT-0500 (Colombia Standard Time)
[debug] [2024-01-22T02:31:02.051Z] ----------------------------------------------------------------------
[debug] 
[debug] [2024-01-22T02:31:02.062Z] >>> [apiv2][query] GET https://firebase-public.firebaseio.com/cli.json [none]
[debug] [2024-01-22T02:31:02.174Z] > command requires scopes: ["email","openid","https://www.googleapis.com/auth/cloudplatformprojects.readonly","https://www.googleapis.com/auth/firebase","https://www.googleapis.com/auth/cloud-platform"]
[debug] [2024-01-22T02:31:02.174Z] > authorizing via signed-in user (miguelcoytriana@gmail.com)
[info] 
     ######## #### ########  ######## ########     ###     ######  ########
     ##        ##  ##     ## ##       ##     ##  ##   ##  ##       ##
     ######    ##  ########  ######   ########  #########  ######  ######
     ##        ##  ##    ##  ##       ##     ## ##     ##       ## ##
     ##       #### ##     ## ######## ########  ##     ##  ######  ########

You're about to initialize a Firebase project in this directory:

  C:\Users\migue\Documents\Projects\Angular\todo-list

Before we get started, keep in mind:

  * You are initializing within an existing Firebase project directory

[debug] [2024-01-22T02:31:02.389Z] <<< [apiv2][status] GET https://firebase-public.firebaseio.com/cli.json 200
[debug] [2024-01-22T02:31:02.391Z] <<< [apiv2][body] GET https://firebase-public.firebaseio.com/cli.json {"cloudBuildErrorAfter":1594252800000,"cloudBuildWarnAfter":1590019200000,"defaultNode10After":1594252800000,"minVersion":"3.0.5","node8DeploysDisabledAfter":1613390400000,"node8RuntimeDisabledAfter":1615809600000,"node8WarnAfter":1600128000000}
